{"/home/frank/Projects/curry-request/src/index.ts": {"path":"/home/frank/Projects/curry-request/src/index.ts","statementMap":{"0":{"start":{"line":1,"column":0},"end":{"line":1,"column":36}},"1":{"start":{"line":2,"column":0},"end":{"line":2,"column":46}},"2":{"start":{"line":11,"column":2},"end":{"line":46,"column":3}},"3":{"start":{"line":12,"column":2},"end":{"line":46,"column":3}},"4":{"start":{"line":13,"column":2},"end":{"line":46,"column":3}},"5":{"start":{"line":14,"column":2},"end":{"line":46,"column":3}},"6":{"start":{"line":15,"column":2},"end":{"line":46,"column":3}},"7":{"start":{"line":16,"column":2},"end":{"line":46,"column":3}},"8":{"start":{"line":17,"column":20},"end":{"line":17,"column":37}},"9":{"start":{"line":18,"column":4},"end":{"line":20,"column":null}},"10":{"start":{"line":19,"column":6},"end":{"line":19,"column":null}},"11":{"start":{"line":22,"column":18},"end":{"line":22,"column":52}},"12":{"start":{"line":25,"column":22},"end":{"line":25,"column":43}},"13":{"start":{"line":26,"column":19},"end":{"line":26,"column":35}},"14":{"start":{"line":28,"column":36},"end":{"line":32,"column":null}},"15":{"start":{"line":34,"column":4},"end":{"line":37,"column":null}},"16":{"start":{"line":35,"column":6},"end":{"line":36,"column":null}},"17":{"start":{"line":39,"column":16},"end":{"line":39,"column":79}},"18":{"start":{"line":41,"column":4},"end":{"line":43,"column":null}},"19":{"start":{"line":42,"column":6},"end":{"line":42,"column":null}},"20":{"start":{"line":45,"column":4},"end":{"line":45,"column":null}},"21":{"start":{"line":48,"column":0},"end":{"line":48,"column":null}}},"fnMap":{"0":{"name":"(anonymous_1)","decl":{"start":{"line":11,"column":2},"end":{"line":11,"column":3}},"loc":{"start":{"line":12,"column":2},"end":{"line":46,"column":3}}},"1":{"name":"(anonymous_2)","decl":{"start":{"line":12,"column":2},"end":{"line":12,"column":3}},"loc":{"start":{"line":13,"column":2},"end":{"line":46,"column":3}}},"2":{"name":"(anonymous_3)","decl":{"start":{"line":13,"column":2},"end":{"line":13,"column":3}},"loc":{"start":{"line":14,"column":2},"end":{"line":46,"column":3}}},"3":{"name":"(anonymous_4)","decl":{"start":{"line":14,"column":2},"end":{"line":14,"column":3}},"loc":{"start":{"line":15,"column":2},"end":{"line":46,"column":3}}},"4":{"name":"(anonymous_5)","decl":{"start":{"line":15,"column":2},"end":{"line":15,"column":3}},"loc":{"start":{"line":16,"column":2},"end":{"line":46,"column":3}}},"5":{"name":"(anonymous_6)","decl":{"start":{"line":16,"column":2},"end":{"line":16,"column":3}},"loc":{"start":{"line":16,"column":37},"end":{"line":46,"column":3}}},"6":{"name":"(anonymous_7)","decl":{"start":{"line":41,"column":16},"end":{"line":41,"column":19}},"loc":{"start":{"line":41,"column":21},"end":{"line":43,"column":5}}}},"branchMap":{"0":{"loc":{"start":{"line":11,"column":13},"end":{"line":11,"column":15}},"type":"default-arg","locations":[{"start":{"line":11,"column":13},"end":{"line":11,"column":15}}]},"1":{"loc":{"start":{"line":17,"column":20},"end":{"line":17,"column":31}},"type":"binary-expr","locations":[{"start":{"line":17,"column":20},"end":{"line":17,"column":31}},{"start":{"line":17,"column":35},"end":{"line":17,"column":37}}]},"2":{"loc":{"start":{"line":18,"column":4},"end":{"line":20,"column":null}},"type":"if","locations":[{"start":{"line":18,"column":4},"end":{"line":20,"column":null}},{"start":{"line":18,"column":4},"end":{"line":20,"column":null}}]},"3":{"loc":{"start":{"line":22,"column":18},"end":{"line":22,"column":38}},"type":"binary-expr","locations":[{"start":{"line":22,"column":18},"end":{"line":22,"column":38}},{"start":{"line":22,"column":42},"end":{"line":22,"column":52}}]},"4":{"loc":{"start":{"line":34,"column":4},"end":{"line":37,"column":null}},"type":"if","locations":[{"start":{"line":34,"column":4},"end":{"line":37,"column":null}},{"start":{"line":34,"column":4},"end":{"line":37,"column":null}}]},"5":{"loc":{"start":{"line":36,"column":38},"end":{"line":36,"column":61}},"type":"cond-expr","locations":[{"start":{"line":36,"column":38},"end":{"line":36,"column":61}},{"start":{"line":36,"column":64},"end":{"line":36,"column":71}}]},"6":{"loc":{"start":{"line":39,"column":35},"end":{"line":39,"column":40}},"type":"binary-expr","locations":[{"start":{"line":39,"column":35},"end":{"line":39,"column":40}},{"start":{"line":39,"column":44},"end":{"line":39,"column":46}}]}},"s":{"0":1,"1":1,"2":1,"3":11,"4":11,"5":12,"6":11,"7":11,"8":11,"9":11,"10":0,"11":11,"12":11,"13":11,"14":11,"15":11,"16":5,"17":11,"18":11,"19":2,"20":11,"21":1},"f":{"0":11,"1":11,"2":12,"3":11,"4":11,"5":11,"6":2},"b":{"0":[1],"1":[11,7],"2":[0,11],"3":[11,5],"4":[5,6],"5":[4,1],"6":[11,7]}}
}
